
> payload-vercel-website-template@1.0.0 dev /Users/fabi/Documents/GitHub/in-pridvor
> cross-env NODE_OPTIONS=--no-deprecation next dev

   ▲ Next.js 15.4.4
   - Local:        http://localhost:3000
   - Network:      http://192.168.1.158:3000
   - Environments: .env

 ✓ Starting...
 ⚠ The config property `experimental.turbo` is deprecated. Move this setting to `config.turbopack` as Turbopack is now stable.
 ✓ Ready in 1482ms
 ○ Compiling /admin/[[...segments]] ...
 ✓ Compiled /admin/[[...segments]] in 4.1s (5053 modules)
[⣷] Pulling schema from database...
[2K[1G[⣯] Pulling schema from database...
[2K[1G[⣟] Pulling schema from database...
[2K[1G[⡿] Pulling schema from database...
[2K[1G[⢿] Pulling schema from database...
[2K[1G[⣻] Pulling schema from database...
[2K[1G[⣽] Pulling schema from database...
[2K[1G[⣷] Pulling schema from database...
[2K[1G[⣯] Pulling schema from database...
[2K[1G[⣟] Pulling schema from database...
[2K[1G[⡿] Pulling schema from database...
[2K[1G[⢿] Pulling schema from database...
[2K[1G[⣻] Pulling schema from database...
[2K[1G[⣽] Pulling schema from database...
[2K[1G[⣷] Pulling schema from database...
[2K[1G[⣯] Pulling schema from database...
[2K[1G[⣟] Pulling schema from database...
[2K[1G[⡿] Pulling schema from database...
[2K[1G[⢿] Pulling schema from database...
[2K[1G[⣻] Pulling schema from database...
[2K[1G[⣽] Pulling schema from database...
[2K[1G[⣷] Pulling schema from database...
[2K[1G[⣯] Pulling schema from database...
[2K[1G[⣟] Pulling schema from database...
[2K[1G[✓] Pulling schema from database...
[00:56:02] [33mWARN[39m: [36mNo email adapter provided. Email will be written to console. More info at https://payloadcms.com/docs/email/overview.[39m
 GET /admin/api/media 307 in 9988ms
 ○ Compiling /api/[...slug] ...
 ✓ Compiled /api/[...slug] in 1208ms (5219 modules)
 GET /api/media 200 in 2946ms
 GET /admin/api/media 307 in 786ms
 GET /api/media 200 in 109ms
 HEAD /api/media/file/toti-am-fost-candva-copii-featured.jpg 404 in 9ms
[?25h
